INFO:rplidar:Starting motor
INFO:rplidar:Starting motor
INFO:rplidar:Starting motor
INFO:rplidar:Starting motor
INFO:rplidar:Stoping motor
INFO:rplidar:Starting motor
INFO:rplidar:Starting motor
INFO:rplidar:Stoping motor
INFO:rplidar:Starting motor
INFO:rplidar:Starting motor
INFO:rplidar:Stoping motor
INFO:rplidar:Starting motor
INFO:rplidar:Starting motor
INFO:rplidar:Stoping motor
INFO:rplidar:Stoping motor
INFO:rplidar:Starting motor
INFO:rplidar:Starting motor
INFO:rplidar:Stoping motor
INFO:rplidar:Starting motor
INFO:rplidar:Starting motor
INFO:rplidar:Stoping motor
INFO:rplidar:Stoping motor
INFO:rplidar:Starting motor
INFO:rplidar:Starting motor
INFO:rplidar:Stoping motor
INFO:rplidar:Starting motor
INFO:rplidar:Starting motor
INFO:rplidar:Stoping motor
INFO:rplidar:Stoping motor
INFO:rplidar:Starting motor
INFO:rplidar:Starting motor
INFO:rplidar:Stoping motor
INFO:rplidar:Stoping motor
INFO:rplidar:Starting motor
INFO:rplidar:Starting motor
INFO:rplidar:Stoping motor
INFO:rplidar:Starting motor
INFO:rplidar:Starting motor
INFO:rplidar:Stoping motor
INFO:rplidar:Starting motor
INFO:rplidar:Starting motor
INFO:rplidar:Stoping motor
INFO:rplidar:Starting motor
INFO:rplidar:Starting motor
INFO:rplidar:Stoping motor
INFO:rplidar:Starting motor
INFO:rplidar:Starting motor
INFO:rplidar:Starting motor
INFO:rplidar:Starting motor
INFO:root:Starting LiDAR motor
INFO:rplidar:Starting motor
INFO:rplidar:Stoping motor
INFO:rplidar:Starting motor
INFO:root:Starting LiDAR motor
INFO:rplidar:Starting motor
INFO:rplidar:Stoping motor
INFO:rplidar:Starting motor
INFO:root:Starting LiDAR motor
INFO:rplidar:Starting motor
INFO:rplidar:Stoping motor
INFO:rplidar:Starting motor
INFO:root:Starting LiDAR motor
INFO:rplidar:Starting motor
INFO:rplidar:Stoping motor
INFO:rplidar:Starting motor
INFO:root:Starting LiDAR motor
INFO:rplidar:Starting motor
INFO:rplidar:Stoping motor
INFO:rplidar:Starting motor
INFO:root:Starting LiDAR motor
INFO:rplidar:Starting motor
INFO:rplidar:Stoping motor
INFO:rplidar:Starting motor
INFO:root:Starting LiDAR motor
INFO:rplidar:Starting motor
INFO:rplidar:Stoping motor
INFO:rplidar:Starting motor
INFO:root:Starting LiDAR motor
INFO:rplidar:Starting motor
INFO:rplidar:Stoping motor
INFO:rplidar:Starting motor
INFO:root:Starting LiDAR motor
INFO:rplidar:Starting motor
INFO:rplidar:Stoping motor
INFO:rplidar:Starting motor
INFO:root:Starting LiDAR motor
INFO:rplidar:Starting motor
INFO:rplidar:Stoping motor
INFO:rplidar:Starting motor
INFO:root:Starting LiDAR motor
INFO:rplidar:Starting motor
INFO:rplidar:Stoping motor
INFO:rplidar:Starting motor
INFO:root:Starting LiDAR motor
INFO:rplidar:Starting motor
INFO:rplidar:Stoping motor
INFO:rplidar:Starting motor
INFO:root:Starting LiDAR motor
INFO:rplidar:Starting motor
INFO:rplidar:Stoping motor
INFO:rplidar:Starting motor
INFO:root:Starting LiDAR motor
INFO:rplidar:Starting motor
INFO:rplidar:Stoping motor
INFO:rplidar:Starting motor
INFO:root:Starting LiDAR motor
INFO:rplidar:Starting motor
INFO:rplidar:Starting motor
INFO:root:Starting LiDAR motor
INFO:rplidar:Starting motor
INFO:rplidar:Starting motor
INFO:root:Starting LiDAR motor
INFO:rplidar:Starting motor
INFO:rplidar:Starting motor
INFO:root:Starting LiDAR motor
INFO:rplidar:Starting motor
INFO:rplidar:Starting motor
INFO:root:Starting LiDAR motor
INFO:rplidar:Starting motor
INFO:rplidar:Starting motor
INFO:root:Starting LiDAR motor
INFO:rplidar:Starting motor
INFO:rplidar:Starting motor
INFO:root:Starting LiDAR motor
INFO:rplidar:Starting motor
INFO:rplidar:Starting motor
INFO:root:Starting LiDAR motor
INFO:rplidar:Starting motor
INFO:rplidar:Starting motor
INFO:root:Starting LiDAR motor
INFO:rplidar:Starting motor
INFO:rplidar:Starting motor
INFO:root:Starting LiDAR motor
INFO:rplidar:Starting motor
INFO:rplidar:Starting motor
INFO:root:Starting LiDAR motor
INFO:rplidar:Starting motor
INFO:rplidar:Starting motor
INFO:root:Starting LiDAR motor
INFO:rplidar:Starting motor
INFO:rplidar:Starting motor
INFO:root:Starting LiDAR motor
INFO:rplidar:Starting motor
INFO:rplidar:Starting motor
INFO:root:Starting LiDAR motor
INFO:rplidar:Starting motor
INFO:rplidar:Starting motor
INFO:root:Starting LiDAR motor
INFO:rplidar:Starting motor
INFO:rplidar:Starting motor
INFO:root:Starting LiDAR motor
INFO:rplidar:Starting motor
INFO:rplidar:Starting motor
INFO:root:Starting LiDAR motor
INFO:rplidar:Starting motor
INFO:rplidar:Starting motor
INFO:root:Starting LiDAR motor
INFO:rplidar:Starting motor
INFO:rplidar:Starting motor
INFO:root:Starting LiDAR motor
INFO:rplidar:Starting motor
INFO:rplidar:Starting motor
INFO:root:Starting LiDAR motor
INFO:rplidar:Starting motor
INFO:rplidar:Starting motor
INFO:root:Starting LiDAR motor
INFO:rplidar:Starting motor
INFO:rplidar:Starting motor
INFO:root:Starting LiDAR motor
INFO:rplidar:Starting motor
INFO:rplidar:Starting motor
INFO:root:Starting LiDAR motor
INFO:rplidar:Starting motor
INFO:rplidar:Starting motor
INFO:root:Starting LiDAR motor
INFO:rplidar:Starting motor
INFO:rplidar:Starting motor
INFO:root:Starting LiDAR motor
INFO:rplidar:Starting motor
INFO:rplidar:Starting motor
INFO:root:Starting LiDAR motor
INFO:rplidar:Starting motor
INFO:rplidar:Starting motor
INFO:root:Starting LiDAR motor
INFO:rplidar:Starting motor
INFO:rplidar:Starting motor
INFO:root:Starting LiDAR motor
INFO:rplidar:Starting motor
INFO:rplidar:Starting motor
INFO:root:Starting LiDAR motor
INFO:rplidar:Starting motor
INFO:rplidar:Starting motor
INFO:root:Starting LiDAR motor
INFO:rplidar:Starting motor
INFO:rplidar:Starting motor
INFO:root:Starting LiDAR motor
INFO:rplidar:Starting motor
INFO:rplidar:Starting motor
INFO:root:Starting LiDAR motor
INFO:rplidar:Starting motor
INFO:rplidar:Starting motor
INFO:root:Starting LiDAR motor
INFO:rplidar:Starting motor
INFO:rplidar:Starting motor
INFO:root:Starting LiDAR motor
INFO:rplidar:Starting motor
INFO:rplidar:Starting motor
INFO:root:Starting LiDAR motor
INFO:rplidar:Starting motor
INFO:rplidar:Stoping motor
INFO:rplidar:Starting motor
INFO:root:Starting LiDAR motor
INFO:rplidar:Starting motor
INFO:rplidar:Starting motor
INFO:root:Starting LiDAR motor
INFO:rplidar:Starting motor
INFO:rplidar:Stoping motor
INFO:rplidar:Starting motor
INFO:root:Starting LiDAR motor
INFO:rplidar:Starting motor
INFO:rplidar:Starting motor
INFO:root:Starting LiDAR motor
INFO:rplidar:Starting motor
INFO:rplidar:Stoping motor
INFO:rplidar:Starting motor
INFO:root:Starting LiDAR motor
INFO:rplidar:Starting motor
INFO:rplidar:Starting motor
INFO:root:Starting LiDAR motor
INFO:rplidar:Starting motor
INFO:rplidar:Stoping motor
INFO:rplidar:Starting motor
INFO:root:Starting LiDAR motor
INFO:rplidar:Starting motor
INFO:rplidar:Starting motor
INFO:root:Starting LiDAR motor
INFO:rplidar:Starting motor
INFO:rplidar:Stoping motor
INFO:rplidar:Starting motor
INFO:root:Starting LiDAR motor
INFO:rplidar:Starting motor
INFO:rplidar:Stoping motor
INFO:rplidar:Starting motor
INFO:root:Starting LiDAR motor
INFO:rplidar:Starting motor
INFO:rplidar:Starting motor
INFO:root:Starting LiDAR motor
INFO:rplidar:Starting motor
INFO:rplidar:Stoping motor
INFO:rplidar:Starting motor
INFO:root:Starting LiDAR motor
INFO:rplidar:Starting motor
INFO:rplidar:Starting motor
INFO:root:Starting LiDAR motor
INFO:rplidar:Starting motor
INFO:rplidar:Stoping motor
INFO:rplidar:Starting motor
INFO:root:Starting LiDAR motor
INFO:rplidar:Starting motor
INFO:rplidar:Starting motor
INFO:root:Starting LiDAR motor
INFO:rplidar:Starting motor
INFO:rplidar:Stoping motor
INFO:rplidar:Starting motor
INFO:root:Starting LiDAR motor
INFO:rplidar:Starting motor
INFO:rplidar:Starting motor
INFO:root:Starting LiDAR motor
INFO:rplidar:Starting motor
INFO:rplidar:Stoping motor
INFO:rplidar:Starting motor
INFO:root:Starting LiDAR motor
INFO:rplidar:Starting motor
INFO:rplidar:Stoping scanning
INFO:rplidar:Reseting the sensor
INFO:rplidar:Starting motor
INFO:root:Starting LiDAR motor
INFO:rplidar:Starting motor
INFO:rplidar:Stoping scanning
INFO:rplidar:Reseting the sensor
INFO:rplidar:Starting motor
INFO:root:Starting LiDAR motor
INFO:rplidar:Starting motor
INFO:rplidar:Starting motor
INFO:root:Starting LiDAR motor
INFO:rplidar:Starting motor
INFO:rplidar:Starting motor
INFO:root:Starting LiDAR motor
INFO:rplidar:Starting motor
INFO:rplidar:Stoping scanning
INFO:rplidar:Starting motor
INFO:root:Starting LiDAR motor
INFO:rplidar:Starting motor
INFO:rplidar:Stoping scanning
INFO:rplidar:Starting motor
INFO:root:Starting LiDAR motor
INFO:rplidar:Starting motor
INFO:rplidar:Stoping scanning
INFO:rplidar:Starting motor
INFO:root:Starting LiDAR motor
INFO:rplidar:Starting motor
INFO:rplidar:Stoping scanning
INFO:rplidar:Starting motor
INFO:root:Starting LiDAR motor
INFO:rplidar:Starting motor
INFO:root:Stopping LiDAR motor
INFO:rplidar:Stoping scanning
INFO:rplidar:Starting motor
INFO:root:Starting LiDAR motor
INFO:rplidar:Starting motor
INFO:rplidar:Starting motor
INFO:root:Starting LiDAR motor
INFO:rplidar:Starting motor
INFO:rplidar:Starting motor
INFO:root:Starting LiDAR motor
INFO:rplidar:Starting motor
INFO:root:Stopping LiDAR motor
INFO:rplidar:Stoping scanning
INFO:rplidar:Starting motor
INFO:root:Starting LiDAR motor
INFO:rplidar:Starting motor
INFO:root:Stopping LiDAR motor
INFO:rplidar:Stoping scanning
ERROR:root:Failed to create an instance of RPLidar: Failed to connect to the sensor due to: could not open port 'COM7': FileNotFoundError(2, 'Le fichier spécifié est introuvable.', None, 2)
ERROR:root:Failed to create an instance of RPLidar: Failed to connect to the sensor due to: could not open port 'COM7': FileNotFoundError(2, 'Le fichier spécifié est introuvable.', None, 2)
ERROR:root:Failed to create an instance of RPLidar: Failed to connect to the sensor due to: could not open port 'COM7': FileNotFoundError(2, 'Le fichier spécifié est introuvable.', None, 2)
INFO:rplidar:Starting motor
INFO:root:Starting LiDAR motor
INFO:rplidar:Starting motor
INFO:rplidar:Starting motor
INFO:root:Starting LiDAR motor
INFO:rplidar:Starting motor
INFO:rplidar:Starting motor
INFO:root:Starting LiDAR motor
INFO:rplidar:Starting motor
INFO:root:Stopping LiDAR motor
INFO:rplidar:Stoping scanning
INFO:rplidar:Starting motor
INFO:root:Starting LiDAR motor
INFO:rplidar:Starting motor
INFO:root:Stopping LiDAR motor
INFO:rplidar:Stoping scanning
INFO:rplidar:Starting motor
INFO:root:Starting LiDAR motor
INFO:rplidar:Starting motor
INFO:root:Stopping LiDAR motor
INFO:rplidar:Stoping scanning
INFO:rplidar:Starting motor
INFO:root:Starting LiDAR motor
INFO:rplidar:Starting motor
INFO:root:Stopping LiDAR motor
INFO:rplidar:Stoping scanning
INFO:rplidar:Starting motor
INFO:root:Starting LiDAR motor
INFO:rplidar:Starting motor
INFO:root:Stopping LiDAR motor
INFO:rplidar:Stoping scanning
ERROR:root:Failed to create an instance of RPLidar: Failed to connect to the sensor due to: could not open port 'COM8': FileNotFoundError(2, 'Le fichier spécifié est introuvable.', None, 2)
ERROR:root:Failed to create an instance of RPLidar: Failed to connect to the sensor due to: could not open port 'COM8': FileNotFoundError(2, 'Le fichier spécifié est introuvable.', None, 2)
INFO:rplidar:Starting motor
INFO:root:Starting LiDAR motor
INFO:rplidar:Starting motor
INFO:root:Stopping LiDAR motor
INFO:rplidar:Stoping scanning
INFO:rplidar:Starting motor
INFO:root:Starting LiDAR motor
INFO:rplidar:Starting motor
INFO:root:Stopping LiDAR motor
INFO:rplidar:Stoping scanning
ERROR:root:Failed to create an instance of RPLidar: Failed to connect to the sensor due to: could not open port 'COM8': FileNotFoundError(2, 'Le fichier spécifié est introuvable.', None, 2)
ERROR:root:Failed to create an instance of RPLidar: module 'serial' has no attribute 'SerialException'
ERROR:root:Failed to create an instance of RPLidar: module 'serial' has no attribute 'SerialException'
ERROR:root:Failed to create an instance of RPLidar: module 'serial' has no attribute 'SerialException'
ERROR:root:Failed to create an instance of RPLidar: module 'serial' has no attribute 'SerialException'
INFO:root:Stopping LiDAR motor
ERROR:root:Failed to create an instance of RPLidar: module 'serial' has no attribute 'SerialException'
ERROR:root:Failed to create an instance of RPLidar: module 'serial' has no attribute 'SerialException'
ERROR:root:Failed to create an instance of RPLidar: module 'serial' has no attribute 'SerialException'
ERROR:root:Failed to create an instance of RPLidar: module 'serial' has no attribute 'SerialException'
ERROR:root:Failed to create an instance of RPLidar: module 'serial' has no attribute 'SerialException'
ERROR:root:Failed to create an instance of RPLidar: Failed to connect to the sensor due to: could not open port '5': FileNotFoundError(2, 'Le fichier spécifié est introuvable.', None, 2)
INFO:rplidar:Starting motor
INFO:root:Starting LiDAR motor
INFO:rplidar:Starting motor
INFO:root:Stopping LiDAR motor
INFO:rplidar:Stoping scanning
INFO:rplidar:Starting motor
INFO:root:Starting LiDAR motor
INFO:rplidar:Starting motor
INFO:root:Stopping LiDAR motor
INFO:rplidar:Stoping scanning
INFO:rplidar:Starting motor
INFO:root:Starting LiDAR motor
INFO:rplidar:Starting motor
INFO:root:Stopping LiDAR motor
INFO:rplidar:Stoping scanning
INFO:rplidar:Starting motor
INFO:root:Starting LiDAR motor
INFO:rplidar:Starting motor
INFO:root:Stopping LiDAR motor
INFO:rplidar:Stoping scanning
INFO:rplidar:Starting motor
INFO:root:Starting LiDAR motor
INFO:rplidar:Starting motor
INFO:root:Stopping LiDAR motor
INFO:rplidar:Stoping scanning
INFO:rplidar:Starting motor
INFO:root:Starting LiDAR motor
INFO:rplidar:Starting motor
INFO:root:Stopping LiDAR motor
INFO:rplidar:Stoping scanning
INFO:rplidar:Starting motor
INFO:root:Starting LiDAR motor
INFO:rplidar:Starting motor
INFO:root:Stopping LiDAR motor
INFO:rplidar:Stoping scanning
INFO:rplidar:Starting motor
INFO:root:Starting LiDAR motor
INFO:rplidar:Starting motor
INFO:rplidar:Starting motor
INFO:root:Starting LiDAR motor
INFO:rplidar:Starting motor
INFO:root:Stopping LiDAR motor
INFO:rplidar:Stoping scanning
INFO:rplidar:Starting motor
INFO:root:Starting LiDAR motor
INFO:rplidar:Starting motor
INFO:root:Stopping LiDAR motor
INFO:rplidar:Stoping scanning
INFO:rplidar:Starting motor
INFO:root:Starting LiDAR motor
INFO:rplidar:Starting motor
INFO:root:Stopping LiDAR motor
INFO:rplidar:Stoping scanning
INFO:rplidar:Starting motor
INFO:root:Starting LiDAR motor
INFO:rplidar:Starting motor
INFO:root:Stopping LiDAR motor
INFO:rplidar:Stoping scanning
INFO:rplidar:Starting motor
INFO:root:Starting LiDAR motor
INFO:rplidar:Starting motor
INFO:root:Stopping LiDAR motor
INFO:rplidar:Stoping scanning
07/11/2023 22:36:23 - INFO - Starting motor
07/11/2023 22:36:23 - INFO - Starting LiDAR motor
07/11/2023 22:36:23 - INFO - Starting motor
07/11/2023 22:36:27 - INFO - Stopping LiDAR motor
07/11/2023 22:36:27 - INFO - Stoping scanning
07/11/2023 22:38:28 - INFO - Starting motor
07/11/2023 22:38:28 - INFO - Starting LiDAR motor
07/11/2023 22:38:28 - INFO - Starting motor
07/11/2023 22:38:32 - INFO - Stopping LiDAR motor
07/11/2023 22:38:32 - INFO - Stoping scanning
09/11/2023 18:20:33 - INFO - Port detected: COM5
09/11/2023 18:20:33 - INFO - Starting motor
09/11/2023 18:20:33 - ERROR - Failed to create an instance of RPLidar: Attempting to use a port that is not open
09/11/2023 18:20:33 - INFO - Test program
09/11/2023 18:25:28 - INFO - Port detected: COM5
09/11/2023 18:25:28 - INFO - Starting motor
09/11/2023 18:25:28 - ERROR - Failed to create an instance of RPLidar: Attempting to use a port that is not open
09/11/2023 18:25:28 - INFO - Test program
18/12/2023 20:29:50 - ERROR - No port detected
18/12/2023 20:29:50 - INFO - Test program
18/12/2023 20:38:43 - ERROR - No port detected
18/12/2023 20:38:43 - INFO - Test program
